TN:
SF:src/modules/appointments/services/CreateAppointmentService.ts
FN:15,(anonymous_18)
FN:16,CreateAppointmentService
FN:21,(anonymous_20)
FNF:3
FNH:3
FNDA:1,(anonymous_18)
FNDA:2,CreateAppointmentService
FNDA:3,(anonymous_20)
DA:1,1
DA:2,1
DA:7,1
DA:15,1
DA:18,2
DA:21,3
DA:22,3
DA:24,3
DA:28,3
DA:29,1
DA:32,2
DA:37,2
DA:39,1
DA:41,1
LF:14
LH:14
BRDA:28,0,0,1
BRDA:28,0,1,2
BRF:2
BRH:2
end_of_record
TN:
SF:src/modules/users/services/AuthenticateUserService.ts
FN:23,(anonymous_18)
FN:24,AuthenticateUserService
FN:32,(anonymous_20)
FNF:3
FNH:3
FNDA:1,(anonymous_18)
FNDA:3,AuthenticateUserService
FNDA:3,(anonymous_20)
DA:1,1
DA:2,1
DA:3,1
DA:8,1
DA:23,1
DA:26,3
DA:29,3
DA:32,3
DA:33,3
DA:35,3
DA:36,1
DA:39,2
DA:44,2
DA:45,1
DA:48,1
DA:50,1
DA:55,1
DA:60,1
LF:18
LH:18
BRDA:33,0,0,3
BRDA:35,1,0,1
BRDA:35,1,1,2
BRDA:44,2,0,1
BRDA:44,2,1,1
BRF:5
BRH:5
end_of_record
TN:
SF:src/modules/users/services/CreateUserService.ts
FN:17,(anonymous_18)
FN:18,CreateUsersService
FN:26,(anonymous_20)
FNF:3
FNH:3
FNDA:2,(anonymous_18)
FNDA:5,CreateUsersService
FNDA:5,(anonymous_20)
DA:1,2
DA:8,2
DA:17,2
DA:20,5
DA:23,5
DA:26,5
DA:27,5
DA:29,5
DA:30,1
DA:33,4
DA:35,4
DA:41,4
DA:43,2
LF:13
LH:13
BRDA:27,0,0,5
BRDA:29,1,0,1
BRDA:29,1,1,4
BRF:3
BRH:3
end_of_record
TN:
SF:src/modules/users/services/ResetPasswordService.ts
FN:18,(anonymous_18)
FN:19,ResetPasswordService
FN:30,(anonymous_20)
FNF:3
FNH:3
FNDA:1,(anonymous_18)
FNDA:4,ResetPasswordService
FNDA:4,(anonymous_20)
DA:1,1
DA:2,1
DA:8,1
DA:18,1
DA:21,4
DA:24,4
DA:27,4
DA:30,4
DA:31,4
DA:33,4
DA:34,1
DA:37,3
DA:39,3
DA:40,1
DA:43,2
DA:45,2
DA:47,2
DA:48,1
DA:51,1
DA:53,2
DA:55,1
LF:21
LH:21
BRDA:31,0,0,4
BRDA:33,1,0,1
BRDA:33,1,1,3
BRDA:39,2,0,1
BRDA:39,2,1,2
BRDA:47,3,0,1
BRDA:47,3,1,1
BRF:7
BRH:7
end_of_record
TN:
SF:src/modules/users/services/SendForgotPasswordEmailService.ts
FN:15,(anonymous_18)
FN:16,SendForgotPasswordEmailService
FN:27,(anonymous_20)
FNF:3
FNH:3
FNDA:1,(anonymous_18)
FNDA:3,SendForgotPasswordEmailService
FNDA:3,(anonymous_20)
DA:1,1
DA:2,1
DA:4,1
DA:15,1
DA:18,3
DA:21,3
DA:24,3
DA:27,3
DA:28,3
DA:30,3
DA:31,1
DA:34,2
DA:36,2
DA:43,4
DA:58,1
LF:15
LH:15
BRDA:28,0,0,3
BRDA:30,1,0,1
BRDA:30,1,1,2
BRF:3
BRH:3
end_of_record
TN:
SF:src/modules/users/services/ShowProfileService.ts
FN:14,(anonymous_18)
FN:15,ShowProfileService
FN:20,(anonymous_20)
FNF:3
FNH:3
FNDA:1,(anonymous_18)
FNDA:2,ShowProfileService
FNDA:2,(anonymous_20)
DA:1,1
DA:3,1
DA:14,1
DA:17,2
DA:20,2
DA:21,2
DA:23,2
DA:24,1
DA:27,1
DA:29,1
DA:31,1
LF:11
LH:11
BRDA:21,0,0,2
BRDA:23,1,0,1
BRDA:23,1,1,1
BRF:3
BRH:3
end_of_record
TN:
SF:src/modules/users/services/UpdateProfileService.ts
FN:19,(anonymous_18)
FN:20,UpdateProfileService
FN:27,(anonymous_20)
FNF:3
FNH:3
FNDA:1,(anonymous_18)
FNDA:5,UpdateProfileService
FNDA:5,(anonymous_20)
DA:1,1
DA:3,1
DA:19,1
DA:22,5
DA:25,5
DA:27,1
DA:28,5
DA:29,5
DA:30,5
DA:31,5
DA:32,5
DA:34,5
DA:36,5
DA:37,1
DA:40,4
DA:42,4
DA:43,1
DA:46,3
DA:47,3
DA:49,4
DA:50,2
DA:55,2
DA:56,1
DA:59,1
DA:62,2
DA:64,1
DA:66,1
LF:27
LH:27
BRDA:34,0,0,5
BRDA:34,0,1,2
BRDA:36,1,0,1
BRDA:36,1,1,4
BRDA:42,2,0,1
BRDA:42,2,1,3
BRDA:42,3,0,4
BRDA:42,3,1,1
BRDA:49,4,0,1
BRDA:49,4,1,2
BRDA:49,5,0,3
BRDA:49,5,1,2
BRDA:55,6,0,1
BRDA:55,6,1,1
BRF:14
BRH:14
end_of_record
TN:
SF:src/modules/users/services/UpdateUserAvatarService.ts
FN:20,(anonymous_18)
FN:21,UpdateUserAvatarService
FN:28,(anonymous_20)
FNF:3
FNH:3
FNDA:1,(anonymous_18)
FNDA:3,UpdateUserAvatarService
FNDA:4,(anonymous_20)
DA:4,1
DA:8,1
DA:20,1
DA:23,3
DA:26,3
DA:28,4
DA:29,4
DA:31,4
DA:32,1
DA:35,5
DA:36,2
DA:39,3
DA:41,3
DA:43,6
DA:45,3
DA:47,1
DA:49,1
LF:17
LH:17
BRDA:29,0,0,4
BRDA:29,0,1,3
BRDA:31,1,0,1
BRDA:31,1,1,3
BRDA:35,2,0,2
BRDA:35,2,1,1
BRF:6
BRH:6
end_of_record
